<?xml version="1.0" encoding="UTF-8"?>
<!-- Generated by org.testng.reporters.JUnitReportReporter -->
<testsuite skipped="0" hostname="Latha-pc" name="restAssuredTestsPractice.Demo1_GETRequest_Pra" tests="1" failures="0" timestamp="17 Jul 2020 19:06:19 GMT" time="3.884" errors="0">
  <testcase name="demo" time="3.884" classname="restAssuredTestsPractice.Demo1_GETRequest_Pra"/>
</testsuite> <!-- restAssuredTestsPractice.Demo1_GETRequest_Pra -->
