<?xml version="1.0" encoding="UTF-8"?>
<!-- Generated by org.testng.reporters.JUnitReportReporter -->
<testsuite skipped="0" hostname="Latha-pc" name="serialization_DeSerialization.StudentAPIWithSerialization" tests="1" failures="0" timestamp="23 Jul 2020 21:12:53 GMT" time="3.033" errors="0">
  <testcase name="getStudentRecordInformation" time="3.033" classname="serialization_DeSerialization.StudentAPIWithSerialization"/>
</testsuite> <!-- serialization_DeSerialization.StudentAPIWithSerialization -->
