<?xml version="1.0" encoding="UTF-8"?>
<!-- Generated by org.testng.reporters.JUnitReportReporter -->
<testsuite skipped="0" hostname="Latha-pc" name="restAssuredTests.Demo3_PUT_request" tests="1" failures="0" timestamp="17 Jul 2020 22:24:56 GMT" time="4.522" errors="0">
  <testcase name="testPut" time="4.522" classname="restAssuredTests.Demo3_PUT_request"/>
</testsuite> <!-- restAssuredTests.Demo3_PUT_request -->
