<?xml version="1.0" encoding="UTF-8"?>
<!-- Generated by org.testng.reporters.JUnitReportReporter -->
<testsuite skipped="0" hostname="Latha-pc" name="restAssuredTestsPractice.Demo2_POSTRequest_pra" tests="1" failures="0" timestamp="17 Jul 2020 22:21:56 GMT" time="2.725" errors="0">
  <testcase name="postData1" time="2.725" classname="restAssuredTestsPractice.Demo2_POSTRequest_pra"/>
</testsuite> <!-- restAssuredTestsPractice.Demo2_POSTRequest_pra -->
