<?xml version="1.0" encoding="UTF-8"?>
<!-- Generated by org.testng.reporters.JUnitReportReporter -->
<testsuite skipped="0" hostname="Latha-pc" name="restAssuredTests.Demo5_BasicValidations_JSON" tests="1" failures="0" timestamp="20 Jun 2020 21:44:00 GMT" time="5.456" errors="0">
  <testcase name="settingParamAndHeaders" time="5.456" classname="restAssuredTests.Demo5_BasicValidations_JSON"/>
</testsuite> <!-- restAssuredTests.Demo5_BasicValidations_JSON -->
