<?xml version="1.0" encoding="UTF-8"?>
<!-- Generated by org.testng.reporters.JUnitReportReporter -->
<testsuite skipped="0" hostname="Latha-pc" name="restAssuredTests.Demo2_POST_request" tests="1" failures="0" timestamp="20 Jun 2020 18:04:01 GMT" time="4.332" errors="0">
  <testcase name="testPost" time="4.332" classname="restAssuredTests.Demo2_POST_request"/>
</testsuite> <!-- restAssuredTests.Demo2_POST_request -->
