<?xml version="1.0" encoding="UTF-8"?>
<!-- Generated by org.testng.reporters.JUnitReportReporter -->
<testsuite skipped="0" hostname="Latha-pc" name="serialization_DeSerialization.StudentAPIWithoutSerialization" tests="1" failures="0" timestamp="23 Jul 2020 18:38:39 GMT" time="3.746" errors="0">
  <testcase name="getStudentInformation" time="3.746" classname="serialization_DeSerialization.StudentAPIWithoutSerialization"/>
</testsuite> <!-- serialization_DeSerialization.StudentAPIWithoutSerialization -->
