<?xml version="1.0" encoding="UTF-8"?>
<!-- Generated by org.testng.reporters.JUnitReportReporter -->
<testsuite skipped="0" hostname="Latha-pc" name="restAssuredTests.Demo6_BasicValidations_XML" tests="1" failures="0" timestamp="20 Jun 2020 22:29:44 GMT" time="3.668" errors="0">
  <testcase name="testUsingXpath2" time="3.668" classname="restAssuredTests.Demo6_BasicValidations_XML"/>
</testsuite> <!-- restAssuredTests.Demo6_BasicValidations_XML -->
